<?xml version="1.0" encoding="UTF-8"?>
<testng-results ignored="0" total="1" passed="1" failed="0" skipped="0">
  <reporter-output>
  </reporter-output>
  <suite started-at="2025-01-07T10:22:16 GMT" name="Default suite" finished-at="2025-01-07T10:22:22 GMT" duration-ms="5712">
    <groups>
    </groups>
    <test started-at="2025-01-07T10:22:16 GMT" name="Default test" finished-at="2025-01-07T10:22:22 GMT" duration-ms="5712">
      <class name="OpenFirefox">
        <test-method signature="LaunchFireFox()[pri:0, instance:OpenFirefox@895e367]" started-at="2025-01-07T10:22:16 GMT" name="LaunchFireFox" finished-at="2025-01-07T10:22:22 GMT" duration-ms="5646" status="PASS">
          <reporter-output>
          </reporter-output>
        </test-method> <!-- LaunchFireFox -->
      </class> <!-- OpenFirefox -->
    </test> <!-- Default test -->
  </suite> <!-- Default suite -->
</testng-results>
